<?xml version="1.0" encoding="UTF-8"?>
<testng-results ignored="0" total="1" passed="1" failed="0" skipped="0">
  <reporter-output>
  </reporter-output>
  <suite started-at="2024-04-05T07:10:48 IST" name="Default suite" finished-at="2024-04-05T07:10:59 IST" duration-ms="11332">
    <groups>
    </groups>
    <test started-at="2024-04-05T07:10:48 IST" name="Default test" finished-at="2024-04-05T07:10:59 IST" duration-ms="11332">
      <class name="automationtesting.ExceptionHandling">
        <test-method signature="exceptionHandling()[pri:0, instance:automationtesting.ExceptionHandling@1623b78d]" started-at="2024-04-05T07:10:48 IST" name="exceptionHandling" finished-at="2024-04-05T07:10:59 IST" duration-ms="11265" status="PASS">
          <reporter-output>
          </reporter-output>
        </test-method> <!-- exceptionHandling -->
      </class> <!-- automationtesting.ExceptionHandling -->
    </test> <!-- Default test -->
  </suite> <!-- Default suite -->
</testng-results>
